<?xml version="1.0" encoding="UTF-8"?>
<!-- Generated by org.testng.reporters.JUnitXMLReporter -->
<testsuite ignored="0" hostname="SPKarthick" failures="0" tests="12" name="Default test" time="334.91" errors="0" timestamp="2021-09-29T17:17:44 IST">
  <testcase classname="com.coursera.org.FunctionalitiesTest.FormFillingFunctionalityTest" name="fillAllValues" time="24.698"/>
  <testcase classname="com.coursera.org.FunctionalitiesTest.FormFillingFunctionalityTest" name="fillAllValues" time="24.099"/>
  <testcase classname="com.coursera.org.FunctionalitiesTest.FormFillingFunctionalityTest" name="fillAllValues" time="24.25"/>
  <testcase classname="com.coursera.org.FunctionalitiesTest.FormFillingFunctionalityTest" name="fillAllValues" time="24.261"/>
  <testcase classname="com.coursera.org.FunctionalitiesTest.FormFillingFunctionalityTest" name="fillAllValues" time="55.232"/>
  <testcase classname="com.coursera.org.FunctionalitiesTest.FormFillingFunctionalityTest" name="fillAllValues" time="25.427"/>
  <testcase classname="com.coursera.org.FunctionalitiesTest.FormFillingFunctionalityTest" name="fillAllValues" time="24.07"/>
  <testcase classname="com.coursera.org.FunctionalitiesTest.FormFillingFunctionalityTest" name="fillAllValues" time="24.526"/>
  <testcase classname="com.coursera.org.FunctionalitiesTest.FormFillingFunctionalityTest" name="fillAllValues" time="25.459"/>
  <testcase classname="com.coursera.org.FunctionalitiesTest.FormFillingFunctionalityTest" name="fillAllValues" time="22.446"/>
  <testcase classname="com.coursera.org.FunctionalitiesTest.FormFillingFunctionalityTest" name="fillAllValues" time="23.919"/>
  <testcase classname="com.coursera.org.FunctionalitiesTest.FormFillingFunctionalityTest" name="fillAllValues" time="26.122"/>
</testsuite> <!-- Default test -->
